-------------------------------------------------------------------------------
Test set: flightapp.PasswordUtilsTest
-------------------------------------------------------------------------------
Tests run: 8, Failures: 4, Errors: 0, Skipped: 0, Time elapsed: 5.563 s <<< FAILURE! - in flightapp.PasswordUtilsTest
flightapp.PasswordUtilsTest.testCanMatchPlaintextToHash  Time elapsed: 0.475 s  <<< FAILURE!
junit.framework.AssertionFailedError
	at flightapp.PasswordUtilsTest.testCanMatchPlaintextToHash(PasswordUtilsTest.java:40)

flightapp.PasswordUtilsTest.testSuccessiveSaltsDiffer  Time elapsed: 0 s  <<< FAILURE!
junit.framework.AssertionFailedError
	at flightapp.PasswordUtilsTest.testSuccessiveSaltsDiffer(PasswordUtilsTest.java:68)

flightapp.PasswordUtilsTest.testPasswordsAreSalted  Time elapsed: 0.939 s  <<< FAILURE!
junit.framework.AssertionFailedError
	at flightapp.PasswordUtilsTest.testPasswordsAreSalted(PasswordUtilsTest.java:31)

flightapp.PasswordUtilsTest.testPasswordsAreUnique  Time elapsed: 0.924 s  <<< FAILURE!
junit.framework.AssertionFailedError
	at flightapp.PasswordUtilsTest.testPasswordsAreUnique(PasswordUtilsTest.java:21)

