<?xml version="1.0" encoding="UTF-8"?>
<testsuite xmlns:xsi="http://www.w3.org/2001/XMLSchema-instance" xsi:noNamespaceSchemaLocation="https://maven.apache.org/surefire/maven-surefire-plugin/xsd/surefire-test-report-3.0.xsd" version="3.0" name="flightapp.FlightServiceTest" time="286.681" tests="22" errors="0" skipped="0" failures="0">
  <properties>
[...]
</properties>
  <testcase name="runTest[0]" classname="flightapp.FlightServiceTest" time="19.643">
    <system-out><![CDATA[Running test setup...
... using dbconn.properties for test credentials
... resetting database (ie, dropping all tables with suffix: lshibly)
... running createTables.sql

Starting tests
Running test file: /homes/iws/lshibly/cse344/FlightsApp/project/cases/no_transaction/pay/pay_already.test.txt
]]></system-out>
  </testcase>
  <testcase name="runTest[1]" classname="flightapp.FlightServiceTest" time="19.224">
    <system-out><![CDATA[Running test file: /homes/iws/lshibly/cse344/FlightsApp/project/cases/no_transaction/pay/pay_basic.test.txt
]]></system-out>
  </testcase>
  <testcase name="runTest[2]" classname="flightapp.FlightServiceTest" time="18.581">
    <system-out><![CDATA[Running test file: /homes/iws/lshibly/cse344/FlightsApp/project/cases/no_transaction/pay/pay_insufficient.test.txt
]]></system-out>
  </testcase>
  <testcase name="runTest[3]" classname="flightapp.FlightServiceTest" time="24.438">
    <system-out><![CDATA[Running test file: /homes/iws/lshibly/cse344/FlightsApp/project/cases/no_transaction/pay/pay_indirectFlightsItinerary.test.txt
]]></system-out>
  </testcase>
  <testcase name="runTest[4]" classname="flightapp.FlightServiceTest" time="0.763">
    <system-out><![CDATA[Running test file: /homes/iws/lshibly/cse344/FlightsApp/project/cases/no_transaction/create/create_negativebalance.test.txt
]]></system-out>
  </testcase>
  <testcase name="runTest[5]" classname="flightapp.FlightServiceTest" time="0.704">
    <system-out><![CDATA[Running test file: /homes/iws/lshibly/cse344/FlightsApp/project/cases/no_transaction/create/create_basic.test.txt
]]></system-out>
  </testcase>
  <testcase name="runTest[6]" classname="flightapp.FlightServiceTest" time="18.227">
    <system-out><![CDATA[Running test file: /homes/iws/lshibly/cse344/FlightsApp/project/cases/no_transaction/search/search_basic.test.txt
]]></system-out>
  </testcase>
  <testcase name="runTest[7]" classname="flightapp.FlightServiceTest" time="19.634">
    <system-out><![CDATA[Running test file: /homes/iws/lshibly/cse344/FlightsApp/project/cases/no_transaction/search/search_indirect.test.txt
]]></system-out>
  </testcase>
  <testcase name="runTest[8]" classname="flightapp.FlightServiceTest" time="24.007">
    <system-out><![CDATA[Running test file: /homes/iws/lshibly/cse344/FlightsApp/project/cases/no_transaction/search/search_topk.test.txt
]]></system-out>
  </testcase>
  <testcase name="runTest[9]" classname="flightapp.FlightServiceTest" time="18.002">
    <system-out><![CDATA[Running test file: /homes/iws/lshibly/cse344/FlightsApp/project/cases/no_transaction/search/search_lshibly.test.txt
]]></system-out>
  </testcase>
  <testcase name="runTest[10]" classname="flightapp.FlightServiceTest" time="21.474">
    <system-out><![CDATA[Running test file: /homes/iws/lshibly/cse344/FlightsApp/project/cases/no_transaction/search/search_topk_direct.test.txt
]]></system-out>
  </testcase>
  <testcase name="runTest[11]" classname="flightapp.FlightServiceTest" time="19.69">
    <system-out><![CDATA[Running test file: /homes/iws/lshibly/cse344/FlightsApp/project/cases/no_transaction/search/search_lessThanN.test.txt
]]></system-out>
  </testcase>
  <testcase name="runTest[12]" classname="flightapp.FlightServiceTest" time="19.404">
    <system-out><![CDATA[Running test file: /homes/iws/lshibly/cse344/FlightsApp/project/cases/no_transaction/reservations/reservations_basic.test.txt
]]></system-out>
  </testcase>
  <testcase name="runTest[13]" classname="flightapp.FlightServiceTest" time="18.596">
    <system-out><![CDATA[Running test file: /homes/iws/lshibly/cse344/FlightsApp/project/cases/no_transaction/reservations/reservations_same_day.test.txt
]]></system-out>
  </testcase>
  <testcase name="runTest[14]" classname="flightapp.FlightServiceTest" time="0.714">
    <system-out><![CDATA[Running test file: /homes/iws/lshibly/cse344/FlightsApp/project/cases/no_transaction/reservations/reservations_userNotLoggedIn.test.txt
]]></system-out>
  </testcase>
  <testcase name="runTest[15]" classname="flightapp.FlightServiceTest" time="19.334">
    <system-out><![CDATA[Running test file: /homes/iws/lshibly/cse344/FlightsApp/project/cases/no_transaction/book/book_withoutLogIn.test.txt
]]></system-out>
  </testcase>
  <testcase name="runTest[16]" classname="flightapp.FlightServiceTest" time="18.809">
    <system-out><![CDATA[Running test file: /homes/iws/lshibly/cse344/FlightsApp/project/cases/no_transaction/book/book_basic.test.txt
]]></system-out>
  </testcase>
  <testcase name="runTest[17]" classname="flightapp.FlightServiceTest" time="0.921">
    <system-out><![CDATA[Running test file: /homes/iws/lshibly/cse344/FlightsApp/project/cases/no_transaction/login/login_already.test.txt
]]></system-out>
  </testcase>
  <testcase name="runTest[18]" classname="flightapp.FlightServiceTest" time="0.821">
    <system-out><![CDATA[Running test file: /homes/iws/lshibly/cse344/FlightsApp/project/cases/no_transaction/login/login_single.test.txt
]]></system-out>
  </testcase>
  <testcase name="runTest[19]" classname="flightapp.FlightServiceTest" time="0.986">
    <system-out><![CDATA[Running test file: /homes/iws/lshibly/cse344/FlightsApp/project/cases/no_transaction/login/login_success.test.txt
]]></system-out>
  </testcase>
  <testcase name="runTest[20]" classname="flightapp.FlightServiceTest" time="0.71">
    <system-out><![CDATA[Running test file: /homes/iws/lshibly/cse344/FlightsApp/project/cases/no_transaction/login/login_wrongPassword.test.txt
]]></system-out>
  </testcase>
  <testcase name="runTest[21]" classname="flightapp.FlightServiceTest" time="0.636">
    <system-out><![CDATA[Running test file: /homes/iws/lshibly/cse344/FlightsApp/project/cases/no_transaction/login/login_nonexistent.test.txt
]]></system-out>
  </testcase>
</testsuite>